2026-03-23 18:50:39: 
2026-03-23 18:50:39: > vue-admin-template@4.4.0 dev
2026-03-23 18:50:39: > vue-cli-service serve "--host" "0.0.0.0" "--port" "9528"
2026-03-23 18:50:39: 
2026-03-23 18:50:40:  INFO  Starting development server...
2026-03-23 18:50:51:  DONE  Compiled successfully in 8620ms6:50:51 PM
2026-03-23 18:50:51: 
2026-03-23 18:50:51: 
2026-03-23 18:50:51:   App running at:
2026-03-23 18:50:51:   - Local:   http://localhost:9528/ 
2026-03-23 18:50:51:   - Network: http://155.94.233.189:9528/
2026-03-23 18:50:51: 
2026-03-23 18:50:51:   Note that the development build is not optimized.
2026-03-23 18:50:51:   To create a production build, run npm run build.
2026-03-23 18:50:51: 
2026-03-23 19:08:52: request invoke:/dev-api/vue-admin-template/user/login
2026-03-23 19:08:52: request invoke:/dev-api/vue-admin-template/user/info
2026-03-23 19:30:39: request invoke:/dev-api/vue-admin-template/user/info
2026-03-23 19:30:46: request invoke:/dev-api/vue-admin-template/user/info
2026-03-23 20:17:43: request invoke:/dev-api/vue-admin-template/user/login
2026-03-23 20:17:44: request invoke:/dev-api/vue-admin-template/user/info
